0 info it worked if it ends with ok
1 verbose cli [ '/usr/bin/node', '/usr/bin/npm', 'install', '--production' ]
2 info using npm@1.4.28
3 info using node@v0.10.40
4 verbose node symlink /usr/bin/node
5 info shrinkwrap file "/var/www/ghost/npm-shrinkwrap.json"
6 verbose readDependencies returned deps { bcryptjs: 'https://registry.npmjs.org/bcryptjs/-/bcryptjs-2.3.0.tgz',
6 verbose readDependencies returned deps   bl: 'https://registry.npmjs.org/bl/-/bl-1.1.2.tgz',
6 verbose readDependencies returned deps   bluebird: 'https://registry.npmjs.org/bluebird/-/bluebird-3.3.5.tgz',
6 verbose readDependencies returned deps   'body-parser': 'https://registry.npmjs.org/body-parser/-/body-parser-1.15.1.tgz',
6 verbose readDependencies returned deps   bookshelf: 'https://registry.npmjs.org/bookshelf/-/bookshelf-0.9.4.tgz',
6 verbose readDependencies returned deps   chalk: 'https://registry.npmjs.org/chalk/-/chalk-1.1.3.tgz',
6 verbose readDependencies returned deps   cheerio: 'https://registry.npmjs.org/cheerio/-/cheerio-0.20.0.tgz',
6 verbose readDependencies returned deps   commander: 'https://registry.npmjs.org/commander/-/commander-2.9.0.tgz',
6 verbose readDependencies returned deps   compression: 'https://registry.npmjs.org/compression/-/compression-1.6.1.tgz',
6 verbose readDependencies returned deps   'concat-stream': 'https://registry.npmjs.org/concat-stream/-/concat-stream-1.5.0.tgz',
6 verbose readDependencies returned deps   'connect-slashes': 'https://registry.npmjs.org/connect-slashes/-/connect-slashes-1.3.1.tgz',
6 verbose readDependencies returned deps   'content-type': 'https://registry.npmjs.org/content-type/-/content-type-1.0.2.tgz',
6 verbose readDependencies returned deps   'cookie-session': 'https://registry.npmjs.org/cookie-session/-/cookie-session-1.2.0.tgz',
6 verbose readDependencies returned deps   cors: 'https://registry.npmjs.org/cors/-/cors-2.7.1.tgz',
6 verbose readDependencies returned deps   depd: 'https://registry.npmjs.org/depd/-/depd-1.1.0.tgz',
6 verbose readDependencies returned deps   'dom-serializer': 'https://registry.npmjs.org/dom-serializer/-/dom-serializer-0.1.0.tgz',
6 verbose readDependencies returned deps   domelementtype: 'https://registry.npmjs.org/domelementtype/-/domelementtype-1.1.3.tgz',
6 verbose readDependencies returned deps   domutils: 'https://registry.npmjs.org/domutils/-/domutils-1.5.1.tgz',
6 verbose readDependencies returned deps   downsize: 'https://registry.npmjs.org/downsize/-/downsize-0.0.8.tgz',
6 verbose readDependencies returned deps   express: 'https://registry.npmjs.org/express/-/express-4.13.4.tgz',
6 verbose readDependencies returned deps   'express-hbs': 'https://registry.npmjs.org/express-hbs/-/express-hbs-1.0.1.tgz',
6 verbose readDependencies returned deps   'extract-zip': 'https://registry.npmjs.org/extract-zip/-/extract-zip-1.5.0.tgz',
6 verbose readDependencies returned deps   'fs-extra': 'https://registry.npmjs.org/fs-extra/-/fs-extra-0.30.0.tgz',
6 verbose readDependencies returned deps   'ghost-gql': 'https://registry.npmjs.org/ghost-gql/-/ghost-gql-0.0.4.tgz',
6 verbose readDependencies returned deps   glob: 'https://registry.npmjs.org/glob/-/glob-5.0.15.tgz',
6 verbose readDependencies returned deps   'graceful-fs': 'https://registry.npmjs.org/graceful-fs/-/graceful-fs-4.1.4.tgz',
6 verbose readDependencies returned deps   'html-to-text': 'https://registry.npmjs.org/html-to-text/-/html-to-text-2.1.0.tgz',
6 verbose readDependencies returned deps   htmlparser2: 'https://registry.npmjs.org/htmlparser2/-/htmlparser2-3.8.3.tgz',
6 verbose readDependencies returned deps   'iconv-lite': 'https://registry.npmjs.org/iconv-lite/-/iconv-lite-0.4.13.tgz',
6 verbose readDependencies returned deps   inherits: 'https://registry.npmjs.org/inherits/-/inherits-2.0.1.tgz',
6 verbose readDependencies returned deps   ini: 'https://registry.npmjs.org/ini/-/ini-1.3.4.tgz',
6 verbose readDependencies returned deps   intl: 'https://registry.npmjs.org/intl/-/intl-1.1.0.tgz',
6 verbose readDependencies returned deps   'intl-messageformat': 'https://registry.npmjs.org/intl-messageformat/-/intl-messageformat-1.3.0.tgz',
6 verbose readDependencies returned deps   jsonpath: 'https://registry.npmjs.org/jsonpath/-/jsonpath-0.2.2.tgz',
6 verbose readDependencies returned deps   knex: 'https://registry.npmjs.org/knex/-/knex-0.10.0.tgz',
6 verbose readDependencies returned deps   lodash: 'https://registry.npmjs.org/lodash/-/lodash-3.10.1.tgz',
6 verbose readDependencies returned deps   'lodash.tostring': 'https://registry.npmjs.org/lodash.tostring/-/lodash.tostring-4.1.2.tgz',
6 verbose readDependencies returned deps   'mime-types': 'https://registry.npmjs.org/mime-types/-/mime-types-2.1.11.tgz',
6 verbose readDependencies returned deps   moment: 'https://registry.npmjs.org/moment/-/moment-2.13.0.tgz',
6 verbose readDependencies returned deps   morgan: 'https://registry.npmjs.org/morgan/-/morgan-1.7.0.tgz',
6 verbose readDependencies returned deps   multer: 'https://registry.npmjs.org/multer/-/multer-1.1.0.tgz',
6 verbose readDependencies returned deps   mysql: 'https://registry.npmjs.org/mysql/-/mysql-2.1.1.tgz',
6 verbose readDependencies returned deps   netjet: 'https://registry.npmjs.org/netjet/-/netjet-1.1.0.tgz',
6 verbose readDependencies returned deps   'node-uuid': 'https://registry.npmjs.org/node-uuid/-/node-uuid-1.4.7.tgz',
6 verbose readDependencies returned deps   nodemailer: 'https://registry.npmjs.org/nodemailer/-/nodemailer-0.7.1.tgz',
6 verbose readDependencies returned deps   nopt: 'https://registry.npmjs.org/nopt/-/nopt-3.0.6.tgz',
6 verbose readDependencies returned deps   oauth2orize: 'https://registry.npmjs.org/oauth2orize/-/oauth2orize-1.2.2.tgz',
6 verbose readDependencies returned deps   'on-finished': 'https://registry.npmjs.org/on-finished/-/on-finished-2.3.0.tgz',
6 verbose readDependencies returned deps   'on-headers': 'https://registry.npmjs.org/on-headers/-/on-headers-1.0.1.tgz',
6 verbose readDependencies returned deps   optimist: 'https://registry.npmjs.org/optimist/-/optimist-0.6.1.tgz',
6 verbose readDependencies returned deps   passport: 'https://registry.npmjs.org/passport/-/passport-0.3.2.tgz',
6 verbose readDependencies returned deps   'passport-http-bearer': 'https://registry.npmjs.org/passport-http-bearer/-/passport-http-bearer-1.0.1.tgz',
6 verbose readDependencies returned deps   'passport-oauth2-client-password': 'https://registry.npmjs.org/passport-oauth2-client-password/-/passport-oauth2-client-password-0.1.2.tgz',
6 verbose readDependencies returned deps   'passport-strategy': 'https://registry.npmjs.org/passport-strategy/-/passport-strategy-1.0.0.tgz',
6 verbose readDependencies returned deps   'path-match': 'https://registry.npmjs.org/path-match/-/path-match-1.2.4.tgz',
6 verbose readDependencies returned deps   pg: 'https://registry.npmjs.org/pg/-/pg-4.1.1.tgz',
6 verbose readDependencies returned deps   'pg-connection-string': 'https://registry.npmjs.org/pg-connection-string/-/pg-connection-string-0.1.3.tgz',
6 verbose readDependencies returned deps   request: 'https://registry.npmjs.org/request/-/request-2.72.0.tgz',
6 verbose readDependencies returned deps   rimraf: 'https://registry.npmjs.org/rimraf/-/rimraf-2.5.2.tgz',
6 verbose readDependencies returned deps   rss: 'https://registry.npmjs.org/rss/-/rss-1.2.1.tgz',
6 verbose readDependencies returned deps   semver: 'https://registry.npmjs.org/semver/-/semver-5.1.0.tgz',
6 verbose readDependencies returned deps   'showdown-ghost': 'https://registry.npmjs.org/showdown-ghost/-/showdown-ghost-0.3.6.tgz',
6 verbose readDependencies returned deps   sqlite3: 'https://registry.npmjs.org/sqlite3/-/sqlite3-3.1.3.tgz',
6 verbose readDependencies returned deps   'tough-cookie': 'https://registry.npmjs.org/tough-cookie/-/tough-cookie-2.2.2.tgz',
6 verbose readDependencies returned deps   'type-is': 'https://registry.npmjs.org/type-is/-/type-is-1.6.12.tgz',
6 verbose readDependencies returned deps   unidecode: 'https://registry.npmjs.org/unidecode/-/unidecode-0.1.8.tgz',
6 verbose readDependencies returned deps   unpipe: 'https://registry.npmjs.org/unpipe/-/unpipe-1.0.0.tgz',
6 verbose readDependencies returned deps   'utils-merge': 'https://registry.npmjs.org/utils-merge/-/utils-merge-1.0.0.tgz',
6 verbose readDependencies returned deps   validator: 'https://registry.npmjs.org/validator/-/validator-5.2.0.tgz',
6 verbose readDependencies returned deps   xml: 'https://registry.npmjs.org/xml/-/xml-1.0.1.tgz',
6 verbose readDependencies returned deps   xtend: 'https://registry.npmjs.org/xtend/-/xtend-4.0.1.tgz' }
7 verbose install where, deps [ '/var/www/ghost',
7 verbose install   [ 'bcryptjs',
7 verbose install     'bl',
7 verbose install     'bluebird',
7 verbose install     'body-parser',
7 verbose install     'bookshelf',
7 verbose install     'chalk',
7 verbose install     'cheerio',
7 verbose install     'commander',
7 verbose install     'compression',
7 verbose install     'concat-stream',
7 verbose install     'connect-slashes',
7 verbose install     'content-type',
7 verbose install     'cookie-session',
7 verbose install     'cors',
7 verbose install     'depd',
7 verbose install     'dom-serializer',
7 verbose install     'domelementtype',
7 verbose install     'domutils',
7 verbose install     'downsize',
7 verbose install     'express',
7 verbose install     'express-hbs',
7 verbose install     'extract-zip',
7 verbose install     'fs-extra',
7 verbose install     'ghost-gql',
7 verbose install     'glob',
7 verbose install     'graceful-fs',
7 verbose install     'html-to-text',
7 verbose install     'htmlparser2',
7 verbose install     'iconv-lite',
7 verbose install     'inherits',
7 verbose install     'ini',
7 verbose install     'intl',
7 verbose install     'intl-messageformat',
7 verbose install     'jsonpath',
7 verbose install     'knex',
7 verbose install     'lodash',
7 verbose install     'lodash.tostring',
7 verbose install     'mime-types',
7 verbose install     'moment',
7 verbose install     'morgan',
7 verbose install     'multer',
7 verbose install     'mysql',
7 verbose install     'netjet',
7 verbose install     'node-uuid',
7 verbose install     'nodemailer',
7 verbose install     'nopt',
7 verbose install     'oauth2orize',
7 verbose install     'on-finished',
7 verbose install     'on-headers',
7 verbose install     'optimist',
7 verbose install     'passport',
7 verbose install     'passport-http-bearer',
7 verbose install     'passport-oauth2-client-password',
7 verbose install     'passport-strategy',
7 verbose install     'path-match',
7 verbose install     'pg',
7 verbose install     'pg-connection-string',
7 verbose install     'request',
7 verbose install     'rimraf',
7 verbose install     'rss',
7 verbose install     'semver',
7 verbose install     'showdown-ghost',
7 verbose install     'sqlite3',
7 verbose install     'tough-cookie',
7 verbose install     'type-is',
7 verbose install     'unidecode',
7 verbose install     'unpipe',
7 verbose install     'utils-merge',
7 verbose install     'validator',
7 verbose install     'xml',
7 verbose install     'xtend' ] ]
8 info preinstall ghost@0.8.0
9 verbose unsafe-perm in lifecycle true
10 info ghost@0.8.0 Failed to exec preinstall script
11 error ghost@0.8.0 preinstall: `npm install semver && node -e "require('./core/server/utils/startup-check.js').nodeVersion()"`
11 error Exit status 3
12 error Failed at the ghost@0.8.0 preinstall script.
12 error This is most likely a problem with the ghost package,
12 error not with npm itself.
12 error Tell the author that this fails on your system:
12 error     npm install semver && node -e "require('./core/server/utils/startup-check.js').nodeVersion()"
12 error You can get their info via:
12 error     npm owner ls ghost
12 error There is likely additional logging output above.
13 error System Linux 3.13.0-48-generic
14 error command "/usr/bin/node" "/usr/bin/npm" "install" "--production"
15 error cwd /var/www/ghost
16 error node -v v0.10.40
17 error npm -v 1.4.28
18 error code ELIFECYCLE
19 verbose exit [ 1, true ]
